#
# There is insufficient memory for the Java Runtime Environment to continue.
# Native memory allocation (mmap) failed to map 134217728 bytes for Failed to commit area from 0x0000000081600000 to 0x0000000089600000 of length 134217728.
# Possible reasons:
#   The system is out of physical RAM or swap space
#   The process is running with CompressedOops enabled, and the Java Heap may be blocking the growth of the native heap
# Possible solutions:
#   Reduce memory load on the system
#   Increase physical memory or swap space
#   Check if swap backing store is full
#   Decrease Java heap size (-Xmx/-Xms)
#   Decrease number of Java threads
#   Decrease Java thread stack sizes (-Xss)
#   Set larger code cache with -XX:ReservedCodeCacheSize=
# This output file may be truncated or incomplete.
#
#  Out of Memory Error (./src/hotspot/os/windows/os_windows.cpp:3380), pid=19488, tid=14604
#
# JRE version:  (11.0.12+7) (build )
# Java VM: OpenJDK 64-Bit Server VM (11.0.12+7, mixed mode, sharing, tiered, compressed oops, g1 gc, windows-amd64)
# No core dump will be written. Minidumps are not enabled by default on client versions of Windows
#

---------------  S U M M A R Y ------------

Command Line: 

Host: Intel(R) Core(TM) i5-6200U CPU @ 2.30GHz, 4 cores, 7G,  Windows 10 , 64 bit Build 19041 (10.0.19041.1889)
Time: Wed Aug 10 20:08:26 2022 Iran Daylight Time elapsed time: 0.019857 seconds (0d 0h 0m 0s)

---------------  T H R E A D  ---------------

Current thread (0x0000023844ea9800):  JavaThread "Unknown thread" [_thread_in_vm, id=14604, stack(0x0000006645800000,0x0000006645900000)]

Stack: [0x0000006645800000,0x0000006645900000]
Native frames: (J=compiled Java code, j=interpreted, Vv=VM code, C=native code)
V  [jvm.dll+0x6090fa]
V  [jvm.dll+0x79229e]
V  [jvm.dll+0x79396f]
V  [jvm.dll+0x794033]
V  [jvm.dll+0x24bed8]
V  [jvm.dll+0x60624a]
V  [jvm.dll+0x5facf5]
V  [jvm.dll+0x303b5c]
V  [jvm.dll+0x3039e2]
V  [jvm.dll+0x308706]
V  [jvm.dll+0x34d5cf]
V  [jvm.dll+0x34d000]
V  [jvm.dll+0x2e0c68]
V  [jvm.dll+0x2e1dc6]
V  [jvm.dll+0x76d627]
V  [jvm.dll+0x76edaf]
V  [jvm.dll+0x35a359]
V  [jvm.dll+0x750710]
V  [jvm.dll+0x3c1f8f]
V  [jvm.dll+0x3c4461]
C  [jli.dll+0x5207]
C  [ucrtbase.dll+0x21bb2]
C  [KERNEL32.DLL+0x17034]
C  [ntdll.dll+0x52651]


---------------  P R O C E S S  ---------------

Threads class SMR info:
_java_thread_list=0x0000023844c74700, length=0, elements={
}

Java Threads: ( => current thread )

Other Threads:
  0x0000023844ec4000 GCTaskThread "GC Thread#0" [stack: 0x0000006645900000,0x0000006645a00000] [id=17568]
  0x0000023844ef4800 ConcurrentGCThread "G1 Main Marker" [stack: 0x0000006645a00000,0x0000006645b00000] [id=7820]
  0x0000023844ef7000 ConcurrentGCThread "G1 Conc#0" [stack: 0x0000006645b00000,0x0000006645c00000] [id=22116]

[error occurred during error reporting (printing all threads), id 0xc0000005, EXCEPTION_ACCESS_VIOLATION (0xc0000005) at pc=0x00007ff90a870337]

VM state:not at safepoint (not fully initialized)

VM Mutex/Monitor currently owned by a thread:  ([mutex/lock_event])
[0x0000023844ea6ab0] Heap_lock - owner thread: 0x0000023844ea9800

Heap address: 0x0000000081600000, size: 2026 MB, Compressed Oops mode: Non-zero based: 0x0000000081600000
Narrow klass base: 0x0000000000000000, Narrow klass shift: 0

GC Heap History (0 events):
No events

Deoptimization events (0 events):
No events

Classes redefined (0 events):
No events

Internal exceptions (0 events):
No events

Events (1 events):
Event: 0.012 Loaded shared library C:\Program Files\Microsoft\jdk-11.0.12.7-hotspot\bin\zip.dll


Dynamic libraries:
0x00007ff76c760000 - 0x00007ff76c76d000 	C:\Program Files\Microsoft\jdk-11.0.12.7-hotspot\bin\java.exe
0x00007ff987bb0000 - 0x00007ff987da8000 	C:\WINDOWS\SYSTEM32\ntdll.dll
0x00007ff987650000 - 0x00007ff98770d000 	C:\WINDOWS\System32\KERNEL32.DLL
0x00007ff9854a0000 - 0x00007ff98576e000 	C:\WINDOWS\System32\KERNELBASE.dll
0x00007ff9852d0000 - 0x00007ff9853d0000 	C:\WINDOWS\System32\ucrtbase.dll
0x00007ff97c0d0000 - 0x00007ff97c0e5000 	C:\Program Files\Microsoft\jdk-11.0.12.7-hotspot\bin\VCRUNTIME140.dll
0x00007ff979ff0000 - 0x00007ff97a007000 	C:\Program Files\Microsoft\jdk-11.0.12.7-hotspot\bin\jli.dll
0x00007ff986bf0000 - 0x00007ff986d90000 	C:\WINDOWS\System32\USER32.dll
0x00007ff985be0000 - 0x00007ff985c02000 	C:\WINDOWS\System32\win32u.dll
0x00007ff9879b0000 - 0x00007ff9879da000 	C:\WINDOWS\System32\GDI32.dll
0x00007ff985960000 - 0x00007ff985a6b000 	C:\WINDOWS\System32\gdi32full.dll
0x00007ff985400000 - 0x00007ff98549d000 	C:\WINDOWS\System32\msvcp_win.dll
0x00007ff974600000 - 0x00007ff97489a000 	C:\WINDOWS\WinSxS\amd64_microsoft.windows.common-controls_6595b64144ccf1df_6.0.19041.1110_none_60b5254171f9507e\COMCTL32.dll
0x00007ff986e50000 - 0x00007ff986eee000 	C:\WINDOWS\System32\msvcrt.dll
0x00007ff987730000 - 0x00007ff987760000 	C:\WINDOWS\System32\IMM32.DLL
0x00007ff940140000 - 0x00007ff9401db000 	C:\Program Files\Microsoft\jdk-11.0.12.7-hotspot\bin\msvcp140.dll
0x00007ff90a580000 - 0x00007ff90b0e1000 	C:\Program Files\Microsoft\jdk-11.0.12.7-hotspot\bin\server\jvm.dll
0x00007ff987900000 - 0x00007ff9879ae000 	C:\WINDOWS\System32\ADVAPI32.dll
0x00007ff9865c0000 - 0x00007ff98665c000 	C:\WINDOWS\System32\sechost.dll
0x00007ff987760000 - 0x00007ff987885000 	C:\WINDOWS\System32\RPCRT4.dll
0x00007ff987a40000 - 0x00007ff987a48000 	C:\WINDOWS\System32\PSAPI.DLL
0x00007ff97c020000 - 0x00007ff97c029000 	C:\WINDOWS\SYSTEM32\WSOCK32.dll
0x00007ff977170000 - 0x00007ff97717a000 	C:\WINDOWS\SYSTEM32\VERSION.dll
0x00007ff975c60000 - 0x00007ff975c87000 	C:\WINDOWS\SYSTEM32\WINMM.dll
0x00007ff987890000 - 0x00007ff9878fb000 	C:\WINDOWS\System32\WS2_32.dll
0x00007ff983180000 - 0x00007ff983192000 	C:\WINDOWS\SYSTEM32\kernel.appcore.dll
0x00007ff980cf0000 - 0x00007ff980d00000 	C:\Program Files\Microsoft\jdk-11.0.12.7-hotspot\bin\verify.dll
0x00007ff970940000 - 0x00007ff970b24000 	C:\WINDOWS\SYSTEM32\DBGHELP.DLL
0x00007ff96d750000 - 0x00007ff96d77c000 	C:\WINDOWS\SYSTEM32\dbgcore.DLL
0x00007ff9858d0000 - 0x00007ff985952000 	C:\WINDOWS\System32\bcryptPrimitives.dll
0x00007ff963460000 - 0x00007ff963488000 	C:\Program Files\Microsoft\jdk-11.0.12.7-hotspot\bin\java.dll
0x00007ff980cd0000 - 0x00007ff980cda000 	C:\Program Files\Microsoft\jdk-11.0.12.7-hotspot\bin\jimage.dll
0x00007ff979fd0000 - 0x00007ff979fe7000 	C:\Program Files\Microsoft\jdk-11.0.12.7-hotspot\bin\zip.dll

dbghelp: loaded successfully - version: 4.0.5 - missing functions: none
symbol engine: initialized successfully - sym options: 0x614 - pdb path: .;C:\Program Files\Microsoft\jdk-11.0.12.7-hotspot\bin;C:\WINDOWS\SYSTEM32;C:\WINDOWS\WinSxS\amd64_microsoft.windows.common-controls_6595b64144ccf1df_6.0.19041.1110_none_60b5254171f9507e;C:\Program Files\Microsoft\jdk-11.0.12.7-hotspot\bin\server

VM Arguments:
java_command: <unknown>
java_class_path (initial): <not set>
Launcher Type: SUN_STANDARD

[Global flags]
     intx CICompilerCount                          = 3                                         {product} {ergonomic}
     uint ConcGCThreads                            = 1                                         {product} {ergonomic}
     uint G1ConcRefinementThreads                  = 4                                         {product} {ergonomic}
   size_t G1HeapRegionSize                         = 1048576                                   {product} {ergonomic}
    uintx GCDrainStackTargetSize                   = 64                                        {product} {ergonomic}
   size_t InitialHeapSize                          = 134217728                                 {product} {ergonomic}
   size_t MarkStackSize                            = 4194304                                   {product} {ergonomic}
   size_t MaxHeapSize                              = 2124414976                                {product} {ergonomic}
   size_t MinHeapDeltaBytes                        = 1048576                                   {product} {ergonomic}
    uintx NonNMethodCodeHeapSize                   = 5830732                                {pd product} {ergonomic}
    uintx NonProfiledCodeHeapSize                  = 122913754                              {pd product} {ergonomic}
    uintx ProfiledCodeHeapSize                     = 122913754                              {pd product} {ergonomic}
    uintx ReservedCodeCacheSize                    = 251658240                              {pd product} {ergonomic}
     bool SegmentedCodeCache                       = true                                      {product} {ergonomic}
     bool UseCompressedClassPointers               = true                                 {lp64_product} {ergonomic}
     bool UseCompressedOops                        = true                                 {lp64_product} {ergonomic}
     bool UseG1GC                                  = true                                      {product} {ergonomic}
     bool UseLargePagesIndividualAllocation        = false                                  {pd product} {ergonomic}

Logging:
Log output configuration:
 #0: stdout all=warning uptime,level,tags
 #1: stderr all=off uptime,level,tags

Environment Variables:
JAVA_HOME=C:\Program Files\Microsoft\jdk-11.0.12.7-hotspot
PATH=C:\Program Files\Microsoft\jdk-11.0.12.7-hotspot\bin;C:\Windows\system32;C:\Windows;C:\Windows\System32\Wbem;C:\Windows\System32\WindowsPowerShell\v1.0\;C:\Program Files (x86)\NVIDIA Corporation\PhysX\Common;C:\Program Files\Microsoft SQL Server\Client SDK\ODBC\130\Tools\Binn\;C:\Program Files (x86)\Microsoft SQL Server\140\Tools\Binn\;C:\Program Files\Microsoft SQL Server\140\Tools\Binn\;C:\Program Files\Microsoft SQL Server\140\DTS\Binn\;C:\Program Files (x86)\Microsoft SQL Server\Client SDK\ODBC\130\Tools\Binn\;C:\Program Files (x86)\Microsoft SQL Server\140\DTS\Binn\;C:\Program Files (x86)\Microsoft SQL Server\140\Tools\Binn\ManagementStudio\;C:\Program Files\Git\cmd;C:\Program Files\Microsoft SQL Server\150\Tools\Binn\;C:\Program Files\Microsoft SQL Server\Client SDK\ODBC\170\Tools\Binn\;C:\Program Files (x86)\Microsoft Emulator Manager\1.0\;C:\WINDOWS\system32;C:\WINDOWS;C:\WINDOWS\System32\Wbem;C:\WINDOWS\System32\WindowsPowerShell\v1.0\;C:\WINDOWS\System32\OpenSSH\;C:\Program Files\nodejs\;C:\Program Files\dotnet\;C:\Users\windows 10\AppData\Local\Microsoft\WindowsApps;C:\Users\windows 10\AppData\Local\Programs\Microsoft VS Code\bin;C:\Users\windows 10\AppData\Roaming\npm;C:\Users\windows 10\.dotnet\tools
USERNAME=windows 10
OS=Windows_NT
PROCESSOR_IDENTIFIER=Intel64 Family 6 Model 78 Stepping 3, GenuineIntel



---------------  S Y S T E M  ---------------

OS: Windows 10 , 64 bit Build 19041 (10.0.19041.1889)
OS uptime: 0 days 9:10 hours
Hyper-V role detected

CPU:total 4 (initial active 4) (2 cores per cpu, 2 threads per core) family 6 model 78 stepping 3 microcode 0xcc, cmov, cx8, fxsr, mmx, sse, sse2, sse3, ssse3, sse4.1, sse4.2, popcnt, avx, avx2, aes, clmul, erms, 3dnowpref, lzcnt, ht, tsc, tscinvbit, bmi1, bmi2, adx, fma

Memory: 4k page, system-wide physical 8098M (432M free)
TotalPageFile size 16714M (AvailPageFile size 5M)
current process WorkingSet (physical memory assigned to process): 10M, peak: 10M
current process commit charge ("private bytes"): 51M, peak: 179M

vm_info: OpenJDK 64-Bit Server VM (11.0.12+7) for windows-amd64 JRE (11.0.12+7), built on Jul 21 2021 15:41:43 by "" with unknown MS VC++:1916

END.
